<?xml version="1.0" encoding="UTF-8"?>
<testng-results skipped="0" failed="0" ignored="0" total="5" passed="5">
  <reporter-output>
  </reporter-output>
  <suite name="Default suite" duration-ms="274" started-at="2019-09-17T13:04:42 PDT" finished-at="2019-09-17T13:04:42 PDT">
    <groups>
      <group name="sanity">
        <method signature="TestingClass1.testcase1()[pri:1, instance:day7.TestingClass1@13a5fe33]" name="testcase1" class="day7.TestingClass1"/>
        <method signature="TestingClass1.testcase2()[pri:1, instance:day7.TestingClass1@13a5fe33]" name="testcase2" class="day7.TestingClass1"/>
        <method signature="TestingClass1.testcase3()[pri:1, instance:day7.TestingClass1@13a5fe33]" name="testcase3" class="day7.TestingClass1"/>
        <method signature="TestingClass1.testcase6()[pri:1, instance:day7.TestingClass1@13a5fe33]" name="testcase6" class="day7.TestingClass1"/>
        <method signature="TestingClass1.testcase7()[pri:1, instance:day7.TestingClass1@13a5fe33]" name="testcase7" class="day7.TestingClass1"/>
      </group> <!-- sanity -->
    </groups>
    <test name="Default test" duration-ms="274" started-at="2019-09-17T13:04:42 PDT" finished-at="2019-09-17T13:04:42 PDT">
      <class name="day7.TestingClass1">
        <test-method status="PASS" signature="beforeAclass()[pri:0, instance:day7.TestingClass1@13a5fe33]" name="beforeAclass" is-config="true" duration-ms="38" started-at="2019-09-17T13:04:42 PDT" finished-at="2019-09-17T13:04:42 PDT">
          <reporter-output>
          </reporter-output>
        </test-method> <!-- beforeAclass -->
        <test-method status="PASS" signature="afterAMethod()[pri:0, instance:day7.TestingClass1@13a5fe33]" name="afterAMethod" is-config="true" duration-ms="1" started-at="2019-09-17T13:04:42 PDT" finished-at="2019-09-17T13:04:42 PDT">
          <reporter-output>
          </reporter-output>
        </test-method> <!-- afterAMethod -->
        <test-method status="PASS" signature="afterAclass()[pri:0, instance:day7.TestingClass1@13a5fe33]" name="afterAclass" is-config="true" duration-ms="0" started-at="2019-09-17T13:04:42 PDT" finished-at="2019-09-17T13:04:42 PDT">
          <reporter-output>
          </reporter-output>
        </test-method> <!-- afterAclass -->
        <test-method status="PASS" signature="beforeAclass()[pri:0, instance:day7.TestingClass1@13a5fe33]" name="beforeAclass" is-config="true" duration-ms="1" started-at="2019-09-17T13:04:42 PDT" finished-at="2019-09-17T13:04:42 PDT">
          <reporter-output>
          </reporter-output>
        </test-method> <!-- beforeAclass -->
        <test-method status="PASS" signature="beforeAMethod()[pri:0, instance:day7.TestingClass1@13a5fe33]" name="beforeAMethod" is-config="true" duration-ms="0" started-at="2019-09-17T13:04:42 PDT" finished-at="2019-09-17T13:04:42 PDT">
          <reporter-output>
          </reporter-output>
        </test-method> <!-- beforeAMethod -->
        <test-method status="PASS" signature="beforeAMethod()[pri:0, instance:day7.TestingClass1@13a5fe33]" name="beforeAMethod" is-config="true" duration-ms="0" started-at="2019-09-17T13:04:42 PDT" finished-at="2019-09-17T13:04:42 PDT">
          <reporter-output>
          </reporter-output>
        </test-method> <!-- beforeAMethod -->
        <test-method status="PASS" signature="testcase1()[pri:1, instance:day7.TestingClass1@13a5fe33]" name="testcase1" duration-ms="15" started-at="2019-09-17T13:04:42 PDT" finished-at="2019-09-17T13:04:42 PDT">
          <reporter-output>
          </reporter-output>
        </test-method> <!-- testcase1 -->
        <test-method status="PASS" signature="afterAMethod()[pri:0, instance:day7.TestingClass1@13a5fe33]" name="afterAMethod" is-config="true" duration-ms="7" started-at="2019-09-17T13:04:42 PDT" finished-at="2019-09-17T13:04:42 PDT">
          <reporter-output>
          </reporter-output>
        </test-method> <!-- afterAMethod -->
        <test-method status="PASS" signature="beforeAMethod()[pri:0, instance:day7.TestingClass1@13a5fe33]" name="beforeAMethod" is-config="true" duration-ms="0" started-at="2019-09-17T13:04:42 PDT" finished-at="2019-09-17T13:04:42 PDT">
          <reporter-output>
          </reporter-output>
        </test-method> <!-- beforeAMethod -->
        <test-method status="PASS" signature="testcase2()[pri:1, instance:day7.TestingClass1@13a5fe33]" name="testcase2" duration-ms="6" started-at="2019-09-17T13:04:42 PDT" finished-at="2019-09-17T13:04:42 PDT">
          <reporter-output>
          </reporter-output>
        </test-method> <!-- testcase2 -->
        <test-method status="PASS" signature="afterAMethod()[pri:0, instance:day7.TestingClass1@13a5fe33]" name="afterAMethod" is-config="true" duration-ms="1" started-at="2019-09-17T13:04:42 PDT" finished-at="2019-09-17T13:04:42 PDT">
          <reporter-output>
          </reporter-output>
        </test-method> <!-- afterAMethod -->
        <test-method status="PASS" signature="beforeAMethod()[pri:0, instance:day7.TestingClass1@13a5fe33]" name="beforeAMethod" is-config="true" duration-ms="1" started-at="2019-09-17T13:04:42 PDT" finished-at="2019-09-17T13:04:42 PDT">
          <reporter-output>
          </reporter-output>
        </test-method> <!-- beforeAMethod -->
        <test-method status="PASS" signature="testcase3()[pri:1, instance:day7.TestingClass1@13a5fe33]" name="testcase3" duration-ms="2" started-at="2019-09-17T13:04:42 PDT" finished-at="2019-09-17T13:04:42 PDT">
          <reporter-output>
          </reporter-output>
        </test-method> <!-- testcase3 -->
        <test-method status="PASS" signature="afterAMethod()[pri:0, instance:day7.TestingClass1@13a5fe33]" name="afterAMethod" is-config="true" duration-ms="1" started-at="2019-09-17T13:04:42 PDT" finished-at="2019-09-17T13:04:42 PDT">
          <reporter-output>
          </reporter-output>
        </test-method> <!-- afterAMethod -->
        <test-method status="PASS" signature="beforeAMethod()[pri:0, instance:day7.TestingClass1@13a5fe33]" name="beforeAMethod" is-config="true" duration-ms="1" started-at="2019-09-17T13:04:42 PDT" finished-at="2019-09-17T13:04:42 PDT">
          <reporter-output>
          </reporter-output>
        </test-method> <!-- beforeAMethod -->
        <test-method status="PASS" signature="testcase6()[pri:1, instance:day7.TestingClass1@13a5fe33]" name="testcase6" duration-ms="5" started-at="2019-09-17T13:04:42 PDT" finished-at="2019-09-17T13:04:42 PDT">
          <reporter-output>
          </reporter-output>
        </test-method> <!-- testcase6 -->
        <test-method status="PASS" signature="afterAMethod()[pri:0, instance:day7.TestingClass1@13a5fe33]" name="afterAMethod" is-config="true" duration-ms="1" started-at="2019-09-17T13:04:42 PDT" finished-at="2019-09-17T13:04:42 PDT">
          <reporter-output>
          </reporter-output>
        </test-method> <!-- afterAMethod -->
        <test-method status="PASS" signature="beforeAMethod()[pri:0, instance:day7.TestingClass1@13a5fe33]" name="beforeAMethod" is-config="true" duration-ms="2" started-at="2019-09-17T13:04:42 PDT" finished-at="2019-09-17T13:04:42 PDT">
          <reporter-output>
          </reporter-output>
        </test-method> <!-- beforeAMethod -->
        <test-method status="PASS" signature="testcase7()[pri:1, instance:day7.TestingClass1@13a5fe33]" name="testcase7" duration-ms="7" started-at="2019-09-17T13:04:42 PDT" finished-at="2019-09-17T13:04:42 PDT">
          <reporter-output>
          </reporter-output>
        </test-method> <!-- testcase7 -->
        <test-method status="PASS" signature="afterAMethod()[pri:0, instance:day7.TestingClass1@13a5fe33]" name="afterAMethod" is-config="true" duration-ms="2" started-at="2019-09-17T13:04:42 PDT" finished-at="2019-09-17T13:04:42 PDT">
          <reporter-output>
          </reporter-output>
        </test-method> <!-- afterAMethod -->
        <test-method status="PASS" signature="afterAMethod()[pri:0, instance:day7.TestingClass1@13a5fe33]" name="afterAMethod" is-config="true" duration-ms="2" started-at="2019-09-17T13:04:42 PDT" finished-at="2019-09-17T13:04:42 PDT">
          <reporter-output>
          </reporter-output>
        </test-method> <!-- afterAMethod -->
        <test-method status="PASS" signature="afterAclass()[pri:0, instance:day7.TestingClass1@13a5fe33]" name="afterAclass" is-config="true" duration-ms="1" started-at="2019-09-17T13:04:42 PDT" finished-at="2019-09-17T13:04:42 PDT">
          <reporter-output>
          </reporter-output>
        </test-method> <!-- afterAclass -->
        <test-method status="PASS" signature="beforeAMethod()[pri:0, instance:day7.TestingClass1@13a5fe33]" name="beforeAMethod" is-config="true" duration-ms="1" started-at="2019-09-17T13:04:42 PDT" finished-at="2019-09-17T13:04:42 PDT">
          <reporter-output>
          </reporter-output>
        </test-method> <!-- beforeAMethod -->
        <test-method status="PASS" signature="beforeAclass()[pri:0, instance:day7.TestingClass1@13a5fe33]" name="beforeAclass" is-config="true" duration-ms="1" started-at="2019-09-17T13:04:42 PDT" finished-at="2019-09-17T13:04:42 PDT">
          <reporter-output>
          </reporter-output>
        </test-method> <!-- beforeAclass -->
        <test-method status="PASS" signature="afterAclass()[pri:0, instance:day7.TestingClass1@13a5fe33]" name="afterAclass" is-config="true" duration-ms="2" started-at="2019-09-17T13:04:42 PDT" finished-at="2019-09-17T13:04:42 PDT">
          <reporter-output>
          </reporter-output>
        </test-method> <!-- afterAclass -->
      </class> <!-- day7.TestingClass1 -->
    </test> <!-- Default test -->
  </suite> <!-- Default suite -->
</testng-results>
