<?xml version="1.0" encoding="UTF-8"?>
<!-- Generated by org.testng.reporters.JUnitXMLReporter -->
<testsuite hostname="Amrit" ignored="0" name="Default test" tests="5" failures="0" timestamp="2019-09-17T13:04:42 PDT" time="0.274" errors="0">
  <testcase name="testcase1" time="0.015" classname="day7.TestingClass1"/>
  <testcase name="testcase2" time="0.006" classname="day7.TestingClass1"/>
  <testcase name="testcase3" time="0.002" classname="day7.TestingClass1"/>
  <testcase name="testcase6" time="0.005" classname="day7.TestingClass1"/>
  <testcase name="testcase7" time="0.007" classname="day7.TestingClass1"/>
</testsuite> <!-- Default test -->
